<?xml version="1.0" encoding="UTF-8"?>
<robot generator="Robot 5.0.1 (Python 3.10.12 on win32)" generated="20240429 16:18:38.051" rpa="false" schemaversion="3">
<suite id="s1" name="Test Pet" source="d:\ESTUDO\ITERASYS\PetStoreRobot140\__tests__\test_pet.robot">
<test id="s1-t1" name="Post pet" line="21">
<kw name="Create Dictionary" library="BuiltIn">
<var>${body}</var>
<arg>id=${id}</arg>
<arg>category=${category}</arg>
<arg>name=${name}</arg>
<arg>photoUrls=${photoUrls}</arg>
<arg>tags=${tags}</arg>
<arg>status=${status}</arg>
<doc>Creates and returns a dictionary based on the given ``items``.</doc>
<msg timestamp="20240429 16:18:38.085" level="INFO">${body} = {'id': '173218101', 'category': {'id': '1', 'name': 'cachorro'}, 'name': 'Snoopy', 'photoUrls': [], 'tags': [{'id': '1', 'name': 'vacinado'}], 'status': 'available'}</msg>
<status status="PASS" starttime="20240429 16:18:38.084" endtime="20240429 16:18:38.086"/>
</kw>
<kw name="POST">
<var>${response}</var>
<arg>url=${url}</arg>
<arg>json=${body}</arg>
<msg timestamp="20240429 16:18:38.088" level="FAIL">No keyword with name 'POST' found.</msg>
<status status="FAIL" starttime="20240429 16:18:38.088" endtime="20240429 16:18:38.089"/>
</kw>
<kw name="Set Variable" library="BuiltIn">
<var>${response_body}</var>
<arg>${response.json()}</arg>
<doc>Returns the given values which can then be assigned to a variables.</doc>
<status status="NOT RUN" starttime="20240429 16:18:38.090" endtime="20240429 16:18:38.090"/>
</kw>
<kw name="Log To Console" library="BuiltIn">
<arg>${response_body}</arg>
<doc>Logs the given message to the console.</doc>
<status status="NOT RUN" starttime="20240429 16:18:38.090" endtime="20240429 16:18:38.091"/>
</kw>
<kw name="Status Should Be">
<arg>200</arg>
<status status="NOT RUN" starttime="20240429 16:18:38.092" endtime="20240429 16:18:38.092"/>
</kw>
<kw name="Should Be Equal" library="BuiltIn">
<arg>${response_body}[id]</arg>
<arg>${{int($id)}}</arg>
<doc>Fails if the given objects are unequal.</doc>
<status status="NOT RUN" starttime="20240429 16:18:38.093" endtime="20240429 16:18:38.093"/>
</kw>
<kw name="Should Be Equal" library="BuiltIn">
<arg>${response_body}[name]</arg>
<arg>${name}</arg>
<doc>Fails if the given objects are unequal.</doc>
<status status="NOT RUN" starttime="20240429 16:18:38.093" endtime="20240429 16:18:38.094"/>
</kw>
<kw name="Should Be Equal" library="BuiltIn">
<arg>${response_body}[tags][0][id]</arg>
<arg>${{int(${tag}[id])}}</arg>
<doc>Fails if the given objects are unequal.</doc>
<status status="NOT RUN" starttime="20240429 16:18:38.094" endtime="20240429 16:18:38.094"/>
</kw>
<kw name="Should Be Equal" library="BuiltIn">
<arg>${response_body}[tags][0][name]</arg>
<arg>${tag}[name]</arg>
<doc>Fails if the given objects are unequal.</doc>
<status status="NOT RUN" starttime="20240429 16:18:38.094" endtime="20240429 16:18:38.095"/>
</kw>
<kw name="Should Be Equal" library="BuiltIn">
<arg>${response_body}[status]</arg>
<arg>${status}</arg>
<doc>Fails if the given objects are unequal.</doc>
<status status="NOT RUN" starttime="20240429 16:18:38.095" endtime="20240429 16:18:38.095"/>
</kw>
<status status="FAIL" starttime="20240429 16:18:38.083" endtime="20240429 16:18:38.096">No keyword with name 'POST' found.</status>
</test>
<status status="FAIL" starttime="20240429 16:18:38.057" endtime="20240429 16:18:38.097"/>
</suite>
<statistics>
<total>
<stat pass="0" fail="1" skip="0">All Tests</stat>
</total>
<tag>
</tag>
<suite>
<stat pass="0" fail="1" skip="0" id="s1" name="Test Pet">Test Pet</stat>
</suite>
</statistics>
<errors>
<msg timestamp="20240429 16:18:38.079" level="ERROR">Error in file 'd:\ESTUDO\ITERASYS\PetStoreRobot140\__tests__\test_pet.robot' on line 3: Importing library 'RequestsLibrary' failed: ModuleNotFoundError: No module named 'RequestsLibrary'
Traceback (most recent call last):
  None
PYTHONPATH:
  c:\Users\hjdan\.vscode\extensions\robocorp.robotframework-lsp-1.12.0\src\robotframework_debug_adapter
  D:\ESTUDO\ITERASYS\PetStoreRobot140
  c:\Users\hjdan\.vscode\extensions\robocorp.robotframework-lsp-1.12.0\src
  c:\Users\hjdan\.vscode\extensions\robocorp.robotframework-lsp-1.12.0\src\robotframework_ls\vendored
  c:\ProgramData\robocorp\ht\125f064_b1f3c24_66529ced\python310.zip
  c:\ProgramData\robocorp\ht\125f064_b1f3c24_66529ced\DLLs
  c:\ProgramData\robocorp\ht\125f064_b1f3c24_66529ced\lib
  c:\ProgramData\robocorp\ht\125f064_b1f3c24_66529ced
  c:\ProgramData\robocorp\ht
  c:\ProgramData\robocorp\ht\125f064_b1f3c24_66529ced\lib\site-packages
  c:\ProgramData\robocorp\ht\125f064_b1f3c24_66529ced\lib\site-packages\win32
  c:\ProgramData\robocorp\ht\125f064_b1f3c24_66529ced\lib\site-packages\win32\lib
  c:\ProgramData\robocorp\ht\125f064_b1f3c24_66529ced\lib\site-packages\Pythonwin</msg>
</errors>
</robot>
